<?xml version="1.0" encoding="UTF-8"?>
<testsuites tests="135" failures="0" disabled="0" errors="0" time="0.284" timestamp="2020-11-11T14:53:06" name="AllTests">
  <testsuite name="ListTest" tests="10" failures="0" disabled="0" errors="0" time="0.001" timestamp="2020-11-11T14:53:06">
    <testcase name="Init" status="run" result="completed" time="0" timestamp="2020-11-11T14:53:06" classname="ListTest" />
    <testcase name="PushBack" status="run" result="completed" time="0" timestamp="2020-11-11T14:53:06" classname="ListTest" />
    <testcase name="PushFront" status="run" result="completed" time="0" timestamp="2020-11-11T14:53:06" classname="ListTest" />
    <testcase name="MixedPushFrontBack" status="run" result="completed" time="0" timestamp="2020-11-11T14:53:06" classname="ListTest" />
    <testcase name="PushFrontIterator" status="run" result="completed" time="0.001" timestamp="2020-11-11T14:53:06" classname="ListTest" />
    <testcase name="PushBackIterator" status="run" result="completed" time="0" timestamp="2020-11-11T14:53:06" classname="ListTest" />
    <testcase name="PopBack" status="run" result="completed" time="0" timestamp="2020-11-11T14:53:06" classname="ListTest" />
    <testcase name="PopFront" status="run" result="completed" time="0" timestamp="2020-11-11T14:53:06" classname="ListTest" />
    <testcase name="Insert" status="run" result="completed" time="0" timestamp="2020-11-11T14:53:06" classname="ListTest" />
    <testcase name="Erase" status="run" result="completed" time="0" timestamp="2020-11-11T14:53:06" classname="ListTest" />
  </testsuite>
  <testsuite name="VectorTest" tests="4" failures="0" disabled="0" errors="0" time="0" timestamp="2020-11-11T14:53:06">
    <testcase name="Init" status="run" result="completed" time="0" timestamp="2020-11-11T14:53:06" classname="VectorTest" />
    <testcase name="PushBack" status="run" result="completed" time="0" timestamp="2020-11-11T14:53:06" classname="VectorTest" />
    <testcase name="PushFront" status="run" result="completed" time="0" timestamp="2020-11-11T14:53:06" classname="VectorTest" />
    <testcase name="MixedPushFrontBack" status="run" result="completed" time="0" timestamp="2020-11-11T14:53:06" classname="VectorTest" />
  </testsuite>
  <testsuite name="HeapTest" tests="3" failures="0" disabled="0" errors="0" time="0.144" timestamp="2020-11-11T14:53:06">
    <testcase name="Init" status="run" result="completed" time="0" timestamp="2020-11-11T14:53:06" classname="HeapTest" />
    <testcase name="InitWithTooSmallBuffer" status="run" result="completed" time="0.144" timestamp="2020-11-11T14:53:06" classname="HeapTest" />
    <testcase name="AllocateOnce" status="run" result="completed" time="0" timestamp="2020-11-11T14:53:06" classname="HeapTest" />
  </testsuite>
  <testsuite name="PoolTest" tests="11" failures="0" disabled="0" errors="0" time="0.136" timestamp="2020-11-11T14:53:06">
    <testcase name="Init" status="run" result="completed" time="0" timestamp="2020-11-11T14:53:06" classname="PoolTest" />
    <testcase name="InitWithTooSmallBuffer" status="run" result="completed" time="0.136" timestamp="2020-11-11T14:53:06" classname="PoolTest" />
    <testcase name="Capacity" status="run" result="completed" time="0" timestamp="2020-11-11T14:53:06" classname="PoolTest" />
    <testcase name="AllocOnce" status="run" result="completed" time="0" timestamp="2020-11-11T14:53:06" classname="PoolTest" />
    <testcase name="MultipleAlloc" status="run" result="completed" time="0" timestamp="2020-11-11T14:53:06" classname="PoolTest" />
    <testcase name="NotEnoughSpaceToAlloc" status="run" result="completed" time="0" timestamp="2020-11-11T14:53:06" classname="PoolTest" />
    <testcase name="AllocAndFreeBlock" status="run" result="completed" time="0" timestamp="2020-11-11T14:53:06" classname="PoolTest" />
    <testcase name="AllocFreeBlockAndFillBuffer" status="run" result="completed" time="0" timestamp="2020-11-11T14:53:06" classname="PoolTest" />
    <testcase name="FillBufferAndFreeAloccBlock" status="run" result="completed" time="0" timestamp="2020-11-11T14:53:06" classname="PoolTest" />
    <testcase name="AllocationQueue" status="run" result="completed" time="0" timestamp="2020-11-11T14:53:06" classname="PoolTest" />
    <testcase name="Size" status="run" result="completed" time="0" timestamp="2020-11-11T14:53:06" classname="PoolTest" />
  </testsuite>
  <testsuite name="TypedPoolTest" tests="5" failures="0" disabled="0" errors="0" time="0" timestamp="2020-11-11T14:53:06">
    <testcase name="Init" status="run" result="completed" time="0" timestamp="2020-11-11T14:53:06" classname="TypedPoolTest" />
    <testcase name="Alloc" status="run" result="completed" time="0" timestamp="2020-11-11T14:53:06" classname="TypedPoolTest" />
    <testcase name="AllocOverBufferSize" status="run" result="completed" time="0" timestamp="2020-11-11T14:53:06" classname="TypedPoolTest" />
    <testcase name="AllocFreeAtBufferEnd" status="run" result="completed" time="0" timestamp="2020-11-11T14:53:06" classname="TypedPoolTest" />
    <testcase name="AllocFreeAtBufferBegin" status="run" result="completed" time="0" timestamp="2020-11-11T14:53:06" classname="TypedPoolTest" />
  </testsuite>
  <testsuite name="ContainerTest/0" tests="14" failures="0" disabled="0" errors="0" time="0" timestamp="2020-11-11T14:53:06">
    <testcase name="IsEmptyAfterInit" type_param="VectorTestType" status="run" result="completed" time="0" timestamp="2020-11-11T14:53:06" classname="ContainerTest/0" />
    <testcase name="PushBack" type_param="VectorTestType" status="run" result="completed" time="0" timestamp="2020-11-11T14:53:06" classname="ContainerTest/0" />
    <testcase name="PushFront" type_param="VectorTestType" status="run" result="completed" time="0" timestamp="2020-11-11T14:53:06" classname="ContainerTest/0" />
    <testcase name="Insert" type_param="VectorTestType" status="run" result="completed" time="0" timestamp="2020-11-11T14:53:06" classname="ContainerTest/0" />
    <testcase name="Erase" type_param="VectorTestType" status="run" result="completed" time="0" timestamp="2020-11-11T14:53:06" classname="ContainerTest/0" />
    <testcase name="PopBack" type_param="VectorTestType" status="run" result="completed" time="0" timestamp="2020-11-11T14:53:06" classname="ContainerTest/0" />
    <testcase name="PopFront" type_param="VectorTestType" status="run" result="completed" time="0" timestamp="2020-11-11T14:53:06" classname="ContainerTest/0" />
    <testcase name="BeginEndIterator" type_param="VectorTestType" status="run" result="completed" time="0" timestamp="2020-11-11T14:53:06" classname="ContainerTest/0" />
    <testcase name="IteratorIncrementation" type_param="VectorTestType" status="run" result="completed" time="0" timestamp="2020-11-11T14:53:06" classname="ContainerTest/0" />
    <testcase name="IteratorDecrementation" type_param="VectorTestType" status="run" result="completed" time="0" timestamp="2020-11-11T14:53:06" classname="ContainerTest/0" />
    <testcase name="IteratorAfterInit" type_param="VectorTestType" status="run" result="completed" time="0" timestamp="2020-11-11T14:53:06" classname="ContainerTest/0" />
    <testcase name="IteratorValues" type_param="VectorTestType" status="run" result="completed" time="0" timestamp="2020-11-11T14:53:06" classname="ContainerTest/0" />
    <testcase name="IndexValues" type_param="VectorTestType" status="run" result="completed" time="0" timestamp="2020-11-11T14:53:06" classname="ContainerTest/0" />
    <testcase name="FindAllValues" type_param="VectorTestType" status="run" result="completed" time="0" timestamp="2020-11-11T14:53:06" classname="ContainerTest/0" />
  </testsuite>
  <testsuite name="ContainerTest/1" tests="14" failures="0" disabled="0" errors="0" time="0.001" timestamp="2020-11-11T14:53:06">
    <testcase name="IsEmptyAfterInit" type_param="ListTestType" status="run" result="completed" time="0" timestamp="2020-11-11T14:53:06" classname="ContainerTest/1" />
    <testcase name="PushBack" type_param="ListTestType" status="run" result="completed" time="0" timestamp="2020-11-11T14:53:06" classname="ContainerTest/1" />
    <testcase name="PushFront" type_param="ListTestType" status="run" result="completed" time="0" timestamp="2020-11-11T14:53:06" classname="ContainerTest/1" />
    <testcase name="Insert" type_param="ListTestType" status="run" result="completed" time="0" timestamp="2020-11-11T14:53:06" classname="ContainerTest/1" />
    <testcase name="Erase" type_param="ListTestType" status="run" result="completed" time="0" timestamp="2020-11-11T14:53:06" classname="ContainerTest/1" />
    <testcase name="PopBack" type_param="ListTestType" status="run" result="completed" time="0" timestamp="2020-11-11T14:53:06" classname="ContainerTest/1" />
    <testcase name="PopFront" type_param="ListTestType" status="run" result="completed" time="0" timestamp="2020-11-11T14:53:06" classname="ContainerTest/1" />
    <testcase name="BeginEndIterator" type_param="ListTestType" status="run" result="completed" time="0" timestamp="2020-11-11T14:53:06" classname="ContainerTest/1" />
    <testcase name="IteratorIncrementation" type_param="ListTestType" status="run" result="completed" time="0" timestamp="2020-11-11T14:53:06" classname="ContainerTest/1" />
    <testcase name="IteratorDecrementation" type_param="ListTestType" status="run" result="completed" time="0" timestamp="2020-11-11T14:53:06" classname="ContainerTest/1" />
    <testcase name="IteratorAfterInit" type_param="ListTestType" status="run" result="completed" time="0" timestamp="2020-11-11T14:53:06" classname="ContainerTest/1" />
    <testcase name="IteratorValues" type_param="ListTestType" status="run" result="completed" time="0" timestamp="2020-11-11T14:53:06" classname="ContainerTest/1" />
    <testcase name="IndexValues" type_param="ListTestType" status="run" result="completed" time="0" timestamp="2020-11-11T14:53:06" classname="ContainerTest/1" />
    <testcase name="FindAllValues" type_param="ListTestType" status="run" result="completed" time="0" timestamp="2020-11-11T14:53:06" classname="ContainerTest/1" />
  </testsuite>
  <testsuite name="ContainerTest/2" tests="14" failures="0" disabled="0" errors="0" time="0" timestamp="2020-11-11T14:53:06">
    <testcase name="IsEmptyAfterInit" type_param="CustomAllocatorVector" status="run" result="completed" time="0" timestamp="2020-11-11T14:53:06" classname="ContainerTest/2" />
    <testcase name="PushBack" type_param="CustomAllocatorVector" status="run" result="completed" time="0" timestamp="2020-11-11T14:53:06" classname="ContainerTest/2" />
    <testcase name="PushFront" type_param="CustomAllocatorVector" status="run" result="completed" time="0" timestamp="2020-11-11T14:53:06" classname="ContainerTest/2" />
    <testcase name="Insert" type_param="CustomAllocatorVector" status="run" result="completed" time="0" timestamp="2020-11-11T14:53:06" classname="ContainerTest/2" />
    <testcase name="Erase" type_param="CustomAllocatorVector" status="run" result="completed" time="0" timestamp="2020-11-11T14:53:06" classname="ContainerTest/2" />
    <testcase name="PopBack" type_param="CustomAllocatorVector" status="run" result="completed" time="0" timestamp="2020-11-11T14:53:06" classname="ContainerTest/2" />
    <testcase name="PopFront" type_param="CustomAllocatorVector" status="run" result="completed" time="0" timestamp="2020-11-11T14:53:06" classname="ContainerTest/2" />
    <testcase name="BeginEndIterator" type_param="CustomAllocatorVector" status="run" result="completed" time="0" timestamp="2020-11-11T14:53:06" classname="ContainerTest/2" />
    <testcase name="IteratorIncrementation" type_param="CustomAllocatorVector" status="run" result="completed" time="0" timestamp="2020-11-11T14:53:06" classname="ContainerTest/2" />
    <testcase name="IteratorDecrementation" type_param="CustomAllocatorVector" status="run" result="completed" time="0" timestamp="2020-11-11T14:53:06" classname="ContainerTest/2" />
    <testcase name="IteratorAfterInit" type_param="CustomAllocatorVector" status="run" result="completed" time="0" timestamp="2020-11-11T14:53:06" classname="ContainerTest/2" />
    <testcase name="IteratorValues" type_param="CustomAllocatorVector" status="run" result="completed" time="0" timestamp="2020-11-11T14:53:06" classname="ContainerTest/2" />
    <testcase name="IndexValues" type_param="CustomAllocatorVector" status="run" result="completed" time="0" timestamp="2020-11-11T14:53:06" classname="ContainerTest/2" />
    <testcase name="FindAllValues" type_param="CustomAllocatorVector" status="run" result="completed" time="0" timestamp="2020-11-11T14:53:06" classname="ContainerTest/2" />
  </testsuite>
  <testsuite name="ContainerTest/3" tests="14" failures="0" disabled="0" errors="0" time="0" timestamp="2020-11-11T14:53:06">
    <testcase name="IsEmptyAfterInit" type_param="CustomAllocatorList" status="run" result="completed" time="0" timestamp="2020-11-11T14:53:06" classname="ContainerTest/3" />
    <testcase name="PushBack" type_param="CustomAllocatorList" status="run" result="completed" time="0" timestamp="2020-11-11T14:53:06" classname="ContainerTest/3" />
    <testcase name="PushFront" type_param="CustomAllocatorList" status="run" result="completed" time="0" timestamp="2020-11-11T14:53:06" classname="ContainerTest/3" />
    <testcase name="Insert" type_param="CustomAllocatorList" status="run" result="completed" time="0" timestamp="2020-11-11T14:53:06" classname="ContainerTest/3" />
    <testcase name="Erase" type_param="CustomAllocatorList" status="run" result="completed" time="0" timestamp="2020-11-11T14:53:06" classname="ContainerTest/3" />
    <testcase name="PopBack" type_param="CustomAllocatorList" status="run" result="completed" time="0" timestamp="2020-11-11T14:53:06" classname="ContainerTest/3" />
    <testcase name="PopFront" type_param="CustomAllocatorList" status="run" result="completed" time="0" timestamp="2020-11-11T14:53:06" classname="ContainerTest/3" />
    <testcase name="BeginEndIterator" type_param="CustomAllocatorList" status="run" result="completed" time="0" timestamp="2020-11-11T14:53:06" classname="ContainerTest/3" />
    <testcase name="IteratorIncrementation" type_param="CustomAllocatorList" status="run" result="completed" time="0" timestamp="2020-11-11T14:53:06" classname="ContainerTest/3" />
    <testcase name="IteratorDecrementation" type_param="CustomAllocatorList" status="run" result="completed" time="0" timestamp="2020-11-11T14:53:06" classname="ContainerTest/3" />
    <testcase name="IteratorAfterInit" type_param="CustomAllocatorList" status="run" result="completed" time="0" timestamp="2020-11-11T14:53:06" classname="ContainerTest/3" />
    <testcase name="IteratorValues" type_param="CustomAllocatorList" status="run" result="completed" time="0" timestamp="2020-11-11T14:53:06" classname="ContainerTest/3" />
    <testcase name="IndexValues" type_param="CustomAllocatorList" status="run" result="completed" time="0" timestamp="2020-11-11T14:53:06" classname="ContainerTest/3" />
    <testcase name="FindAllValues" type_param="CustomAllocatorList" status="run" result="completed" time="0" timestamp="2020-11-11T14:53:06" classname="ContainerTest/3" />
  </testsuite>
  <testsuite name="StaticContainerTest/0" tests="3" failures="0" disabled="0" errors="0" time="0" timestamp="2020-11-11T14:53:06">
    <testcase name="PushBackOverLimit" type_param="VectorTestType" status="run" result="completed" time="0" timestamp="2020-11-11T14:53:06" classname="StaticContainerTest/0" />
    <testcase name="PushFrontOverLimit" type_param="VectorTestType" status="run" result="completed" time="0" timestamp="2020-11-11T14:53:06" classname="StaticContainerTest/0" />
    <testcase name="InsertOverLimit" type_param="VectorTestType" status="run" result="completed" time="0" timestamp="2020-11-11T14:53:06" classname="StaticContainerTest/0" />
  </testsuite>
  <testsuite name="StaticContainerTest/1" tests="3" failures="0" disabled="0" errors="0" time="0" timestamp="2020-11-11T14:53:06">
    <testcase name="PushBackOverLimit" type_param="ListTestType" status="run" result="completed" time="0" timestamp="2020-11-11T14:53:06" classname="StaticContainerTest/1" />
    <testcase name="PushFrontOverLimit" type_param="ListTestType" status="run" result="completed" time="0" timestamp="2020-11-11T14:53:06" classname="StaticContainerTest/1" />
    <testcase name="InsertOverLimit" type_param="ListTestType" status="run" result="completed" time="0" timestamp="2020-11-11T14:53:06" classname="StaticContainerTest/1" />
  </testsuite>
  <testsuite name="SetTest/0" tests="9" failures="0" disabled="0" errors="0" time="0.001" timestamp="2020-11-11T14:53:06">
    <testcase name="IsEmptyAfterInit" type_param="SetType" status="run" result="completed" time="0" timestamp="2020-11-11T14:53:06" classname="SetTest/0" />
    <testcase name="InsertVerifyFromBeginToEnd" type_param="SetType" status="run" result="completed" time="0" timestamp="2020-11-11T14:53:06" classname="SetTest/0" />
    <testcase name="InsertVerifyFromEndToBegin" type_param="SetType" status="run" result="completed" time="0" timestamp="2020-11-11T14:53:06" classname="SetTest/0" />
    <testcase name="EraseVerifyFromBeginToEnd" type_param="SetType" status="run" result="completed" time="0" timestamp="2020-11-11T14:53:06" classname="SetTest/0" />
    <testcase name="ModifyContainerValues" type_param="SetType" status="run" result="completed" time="0" timestamp="2020-11-11T14:53:06" classname="SetTest/0" />
    <testcase name="FindExistedMember" type_param="SetType" status="run" result="completed" time="0" timestamp="2020-11-11T14:53:06" classname="SetTest/0" />
    <testcase name="FindNonExistedMember" type_param="SetType" status="run" result="completed" time="0" timestamp="2020-11-11T14:53:06" classname="SetTest/0" />
    <testcase name="IncrementAndDecrementIterator" type_param="SetType" status="run" result="completed" time="0" timestamp="2020-11-11T14:53:06" classname="SetTest/0" />
    <testcase name="AddedExistingElement" type_param="SetType" status="run" result="completed" time="0" timestamp="2020-11-11T14:53:06" classname="SetTest/0" />
  </testsuite>
  <testsuite name="SetTest/1" tests="9" failures="0" disabled="0" errors="0" time="0" timestamp="2020-11-11T14:53:06">
    <testcase name="IsEmptyAfterInit" type_param="HashTable" status="run" result="completed" time="0" timestamp="2020-11-11T14:53:06" classname="SetTest/1" />
    <testcase name="InsertVerifyFromBeginToEnd" type_param="HashTable" status="run" result="completed" time="0" timestamp="2020-11-11T14:53:06" classname="SetTest/1" />
    <testcase name="InsertVerifyFromEndToBegin" type_param="HashTable" status="run" result="completed" time="0" timestamp="2020-11-11T14:53:06" classname="SetTest/1" />
    <testcase name="EraseVerifyFromBeginToEnd" type_param="HashTable" status="run" result="completed" time="0" timestamp="2020-11-11T14:53:06" classname="SetTest/1" />
    <testcase name="ModifyContainerValues" type_param="HashTable" status="run" result="completed" time="0" timestamp="2020-11-11T14:53:06" classname="SetTest/1" />
    <testcase name="FindExistedMember" type_param="HashTable" status="run" result="completed" time="0" timestamp="2020-11-11T14:53:06" classname="SetTest/1" />
    <testcase name="FindNonExistedMember" type_param="HashTable" status="run" result="completed" time="0" timestamp="2020-11-11T14:53:06" classname="SetTest/1" />
    <testcase name="IncrementAndDecrementIterator" type_param="HashTable" status="run" result="completed" time="0" timestamp="2020-11-11T14:53:06" classname="SetTest/1" />
    <testcase name="AddedExistingElement" type_param="HashTable" status="run" result="completed" time="0" timestamp="2020-11-11T14:53:06" classname="SetTest/1" />
  </testsuite>
  <testsuite name="SetTest/2" tests="9" failures="0" disabled="0" errors="0" time="0" timestamp="2020-11-11T14:53:06">
    <testcase name="IsEmptyAfterInit" type_param="CustomBinaryTree" status="run" result="completed" time="0" timestamp="2020-11-11T14:53:06" classname="SetTest/2" />
    <testcase name="InsertVerifyFromBeginToEnd" type_param="CustomBinaryTree" status="run" result="completed" time="0" timestamp="2020-11-11T14:53:06" classname="SetTest/2" />
    <testcase name="InsertVerifyFromEndToBegin" type_param="CustomBinaryTree" status="run" result="completed" time="0" timestamp="2020-11-11T14:53:06" classname="SetTest/2" />
    <testcase name="EraseVerifyFromBeginToEnd" type_param="CustomBinaryTree" status="run" result="completed" time="0" timestamp="2020-11-11T14:53:06" classname="SetTest/2" />
    <testcase name="ModifyContainerValues" type_param="CustomBinaryTree" status="run" result="completed" time="0" timestamp="2020-11-11T14:53:06" classname="SetTest/2" />
    <testcase name="FindExistedMember" type_param="CustomBinaryTree" status="run" result="completed" time="0" timestamp="2020-11-11T14:53:06" classname="SetTest/2" />
    <testcase name="FindNonExistedMember" type_param="CustomBinaryTree" status="run" result="completed" time="0" timestamp="2020-11-11T14:53:06" classname="SetTest/2" />
    <testcase name="IncrementAndDecrementIterator" type_param="CustomBinaryTree" status="run" result="completed" time="0" timestamp="2020-11-11T14:53:06" classname="SetTest/2" />
    <testcase name="AddedExistingElement" type_param="CustomBinaryTree" status="run" result="completed" time="0" timestamp="2020-11-11T14:53:06" classname="SetTest/2" />
  </testsuite>
  <testsuite name="SetTest/3" tests="9" failures="0" disabled="0" errors="0" time="0" timestamp="2020-11-11T14:53:06">
    <testcase name="IsEmptyAfterInit" type_param="CustomHashTable" status="run" result="completed" time="0" timestamp="2020-11-11T14:53:06" classname="SetTest/3" />
    <testcase name="InsertVerifyFromBeginToEnd" type_param="CustomHashTable" status="run" result="completed" time="0" timestamp="2020-11-11T14:53:06" classname="SetTest/3" />
    <testcase name="InsertVerifyFromEndToBegin" type_param="CustomHashTable" status="run" result="completed" time="0" timestamp="2020-11-11T14:53:06" classname="SetTest/3" />
    <testcase name="EraseVerifyFromBeginToEnd" type_param="CustomHashTable" status="run" result="completed" time="0" timestamp="2020-11-11T14:53:06" classname="SetTest/3" />
    <testcase name="ModifyContainerValues" type_param="CustomHashTable" status="run" result="completed" time="0" timestamp="2020-11-11T14:53:06" classname="SetTest/3" />
    <testcase name="FindExistedMember" type_param="CustomHashTable" status="run" result="completed" time="0" timestamp="2020-11-11T14:53:06" classname="SetTest/3" />
    <testcase name="FindNonExistedMember" type_param="CustomHashTable" status="run" result="completed" time="0" timestamp="2020-11-11T14:53:06" classname="SetTest/3" />
    <testcase name="IncrementAndDecrementIterator" type_param="CustomHashTable" status="run" result="completed" time="0" timestamp="2020-11-11T14:53:06" classname="SetTest/3" />
    <testcase name="AddedExistingElement" type_param="CustomHashTable" status="run" result="completed" time="0" timestamp="2020-11-11T14:53:06" classname="SetTest/3" />
  </testsuite>
  <testsuite name="StaticSetTest/0" tests="2" failures="0" disabled="0" errors="0" time="0.001" timestamp="2020-11-11T14:53:06">
    <testcase name="InsertOverLimit" type_param="SetType" status="run" result="completed" time="0" timestamp="2020-11-11T14:53:06" classname="StaticSetTest/0" />
    <testcase name="InsertOverLimitExistingElements" type_param="SetType" status="run" result="completed" time="0" timestamp="2020-11-11T14:53:06" classname="StaticSetTest/0" />
  </testsuite>
  <testsuite name="StaticSetTest/1" tests="2" failures="0" disabled="0" errors="0" time="0" timestamp="2020-11-11T14:53:06">
    <testcase name="InsertOverLimit" type_param="HashTable" status="run" result="completed" time="0" timestamp="2020-11-11T14:53:06" classname="StaticSetTest/1" />
    <testcase name="InsertOverLimitExistingElements" type_param="HashTable" status="run" result="completed" time="0" timestamp="2020-11-11T14:53:06" classname="StaticSetTest/1" />
  </testsuite>
</testsuites>
